<?xml version="1.0" encoding="UTF-8"?>
<testsuite name="ru.stqa.training.selenium.MyFirstTest" tests="1" skipped="0" failures="0" errors="0" timestamp="2020-06-09T06:09:48" hostname="v-starchous-pc" time="6.292">
  <properties/>
  <testcase name="myFirstTest" classname="ru.stqa.training.selenium.MyFirstTest" time="6.292"/>
  <system-out><![CDATA[]]></system-out>
  <system-err><![CDATA[Starting MSEdgeDriver 83.0.478.45 (fa71536bbfc4d8c41db9e9b61b8b5f71c6c64f0c) on port 23071
Only local connections are allowed.
Please see https://chromedriver.chromium.org/security-considerations for suggestions on keeping MSEdgeDriver safe.
MSEdgeDriver was started successfully.
июн 09, 2020 9:09:50 AM org.openqa.selenium.remote.ProtocolHandshake createSession
INFO: Detected dialect: W3C
]]></system-err>
</testsuite>
