<?xml version="1.0" encoding="UTF-8"?>
<testsuite name="ru.stqa.training.selenium.LoginTest" tests="1" skipped="0" failures="0" errors="0" timestamp="2020-06-10T06:17:38" hostname="v-starchous-pc" time="12.073">
  <properties/>
  <testcase name="loginTest" classname="ru.stqa.training.selenium.LoginTest" time="12.073"/>
  <system-out><![CDATA[]]></system-out>
  <system-err><![CDATA[1591769859595	mozrunner::runner	INFO	Running command: "C:/Program Files/Firefox Nightly/firefox.exe" "-marionette" "-foreground" "-no-remote" "-profile" "C:\\Users\\vital\\AppData\\Local\\Temp\\rust_mozprofileTDkqdr"
console.error: SearchService: "_readCacheFile: Error reading cache file:" (new Error("", "(unknown module)"))
1591769863124	Marionette	INFO	Listening on port 50178
1591769863220	Marionette	WARN	TLS certificate errors will be ignored for this session
июн 10, 2020 9:17:43 AM org.openqa.selenium.remote.ProtocolHandshake createSession
INFO: Detected dialect: W3C
1591769867922	Marionette	INFO	Stopped listening on port 50178
[Parent 19904, Gecko_IOThread] WARNING: file /builds/worker/checkouts/gecko/ipc/chromium/src/base/process_util_win.cc, line 166

###!!! [Child][RunMessage] Error: Channel closing: too late to send/recv, messages will be lost


###!!! [Child][MessageChannel::SendAndWait] Error: Channel error: cannot send/recv

]]></system-err>
</testsuite>
