<?xml version="1.0" encoding="UTF-8"?>
<testsuite name="ru.stqa.training.selenium.MyFirstTest" tests="1" skipped="0" failures="0" errors="0" timestamp="2020-06-08T14:20:16" hostname="v-starchous-pc" time="5.903">
  <properties/>
  <testcase name="myFirstTest" classname="ru.stqa.training.selenium.MyFirstTest" time="5.903"/>
  <system-out><![CDATA[]]></system-out>
  <system-err><![CDATA[Starting ChromeDriver 83.0.4103.39 (ccbf011cb2d2b19b506d844400483861342c20cd-refs/branch-heads/4103@{#416}) on port 20840
Only local connections are allowed.
Please see https://chromedriver.chromium.org/security-considerations for suggestions on keeping ChromeDriver safe.
ChromeDriver was started successfully.
июн 08, 2020 5:20:18 PM org.openqa.selenium.remote.ProtocolHandshake createSession
INFO: Detected dialect: W3C
]]></system-err>
</testsuite>
